{"/home/danieleades/code/capacity-planning/app/src/lib/stores/operations.ts": {"path":"/home/danieleades/code/capacity-planning/app/src/lib/stores/operations.ts","statementMap":{"0":{"start":{"line":15,"column":1},"end":{"line":25,"column":null}},"1":{"start":{"line":33,"column":1},"end":{"line":36,"column":null}},"2":{"start":{"line":35,"column":36},"end":{"line":35,"column":84}},"3":{"start":{"line":40,"column":1},"end":{"line":47,"column":null}},"4":{"start":{"line":42,"column":38},"end":{"line":42,"column":52}},"5":{"start":{"line":45,"column":3},"end":{"line":45,"column":null}},"6":{"start":{"line":58,"column":1},"end":{"line":79,"column":null}},"7":{"start":{"line":61,"column":3},"end":{"line":61,"column":null}},"8":{"start":{"line":61,"column":27},"end":{"line":61,"column":null}},"9":{"start":{"line":63,"column":21},"end":{"line":63,"column":null}},"10":{"start":{"line":64,"column":25},"end":{"line":64,"column":null}},"11":{"start":{"line":64,"column":53},"end":{"line":64,"column":79}},"12":{"start":{"line":67,"column":3},"end":{"line":75,"column":null}},"13":{"start":{"line":69,"column":4},"end":{"line":71,"column":null}},"14":{"start":{"line":70,"column":5},"end":{"line":70,"column":null}},"15":{"start":{"line":74,"column":4},"end":{"line":74,"column":null}},"16":{"start":{"line":77,"column":3},"end":{"line":77,"column":null}},"17":{"start":{"line":87,"column":1},"end":{"line":97,"column":null}},"18":{"start":{"line":90,"column":3},"end":{"line":90,"column":null}},"19":{"start":{"line":90,"column":27},"end":{"line":90,"column":null}},"20":{"start":{"line":92,"column":21},"end":{"line":92,"column":null}},"21":{"start":{"line":93,"column":24},"end":{"line":93,"column":null}},"22":{"start":{"line":93,"column":49},"end":{"line":93,"column":75}},"23":{"start":{"line":95,"column":3},"end":{"line":95,"column":null}},"24":{"start":{"line":108,"column":21},"end":{"line":108,"column":null}},"25":{"start":{"line":108,"column":67},"end":{"line":108,"column":78}},"26":{"start":{"line":109,"column":1},"end":{"line":122,"column":null}},"27":{"start":{"line":130,"column":1},"end":{"line":133,"column":null}},"28":{"start":{"line":132,"column":48},"end":{"line":132,"column":90}},"29":{"start":{"line":137,"column":1},"end":{"line":140,"column":null}},"30":{"start":{"line":139,"column":50},"end":{"line":139,"column":62}},"31":{"start":{"line":148,"column":1},"end":{"line":153,"column":null}},"32":{"start":{"line":151,"column":3},"end":{"line":151,"column":null}},"33":{"start":{"line":157,"column":1},"end":{"line":160,"column":null}},"34":{"start":{"line":159,"column":49},"end":{"line":159,"column":76}}},"fnMap":{"0":{"name":"addTeam","decl":{"start":{"line":14,"column":16},"end":{"line":14,"column":24}},"loc":{"start":{"line":14,"column":83},"end":{"line":26,"column":null}},"line":14},"1":{"name":"updateTeam","decl":{"start":{"line":28,"column":16},"end":{"line":28,"column":null}},"loc":{"start":{"line":32,"column":12},"end":{"line":37,"column":null}},"line":32},"2":{"name":"(anonymous_2)","decl":{"start":{"line":35,"column":25},"end":{"line":35,"column":26}},"loc":{"start":{"line":35,"column":36},"end":{"line":35,"column":84}},"line":35},"3":{"name":"deleteTeam","decl":{"start":{"line":39,"column":16},"end":{"line":39,"column":27}},"loc":{"start":{"line":39,"column":66},"end":{"line":48,"column":null}},"line":39},"4":{"name":"(anonymous_4)","decl":{"start":{"line":42,"column":28},"end":{"line":42,"column":29}},"loc":{"start":{"line":42,"column":38},"end":{"line":42,"column":52}},"line":42},"5":{"name":"(anonymous_5)","decl":{"start":{"line":44,"column":39},"end":{"line":44,"column":40}},"loc":{"start":{"line":45,"column":3},"end":{"line":45,"column":null}},"line":45},"6":{"name":"setMonthlyCapacity","decl":{"start":{"line":52,"column":16},"end":{"line":52,"column":null}},"loc":{"start":{"line":57,"column":12},"end":{"line":80,"column":null}},"line":57},"7":{"name":"(anonymous_7)","decl":{"start":{"line":60,"column":25},"end":{"line":60,"column":26}},"loc":{"start":{"line":60,"column":35},"end":{"line":78,"column":3}},"line":60},"8":{"name":"(anonymous_8)","decl":{"start":{"line":64,"column":45},"end":{"line":64,"column":46}},"loc":{"start":{"line":64,"column":53},"end":{"line":64,"column":79}},"line":64},"9":{"name":"(anonymous_9)","decl":{"start":{"line":69,"column":33},"end":{"line":69,"column":34}},"loc":{"start":{"line":70,"column":5},"end":{"line":70,"column":null}},"line":70},"10":{"name":"clearMonthlyCapacity","decl":{"start":{"line":82,"column":16},"end":{"line":82,"column":null}},"loc":{"start":{"line":86,"column":12},"end":{"line":98,"column":null}},"line":86},"11":{"name":"(anonymous_11)","decl":{"start":{"line":89,"column":25},"end":{"line":89,"column":26}},"loc":{"start":{"line":89,"column":35},"end":{"line":96,"column":3}},"line":89},"12":{"name":"(anonymous_12)","decl":{"start":{"line":93,"column":41},"end":{"line":93,"column":42}},"loc":{"start":{"line":93,"column":49},"end":{"line":93,"column":75}},"line":93},"13":{"name":"addWorkPackage","decl":{"start":{"line":102,"column":16},"end":{"line":102,"column":null}},"loc":{"start":{"line":107,"column":12},"end":{"line":123,"column":null}},"line":107},"14":{"name":"(anonymous_14)","decl":{"start":{"line":108,"column":59},"end":{"line":108,"column":60}},"loc":{"start":{"line":108,"column":67},"end":{"line":108,"column":78}},"line":108},"15":{"name":"updateWorkPackage","decl":{"start":{"line":125,"column":16},"end":{"line":125,"column":null}},"loc":{"start":{"line":129,"column":12},"end":{"line":134,"column":null}},"line":129},"16":{"name":"(anonymous_16)","decl":{"start":{"line":132,"column":39},"end":{"line":132,"column":40}},"loc":{"start":{"line":132,"column":48},"end":{"line":132,"column":90}},"line":132},"17":{"name":"deleteWorkPackage","decl":{"start":{"line":136,"column":16},"end":{"line":136,"column":34}},"loc":{"start":{"line":136,"column":73},"end":{"line":141,"column":null}},"line":136},"18":{"name":"(anonymous_18)","decl":{"start":{"line":139,"column":42},"end":{"line":139,"column":43}},"loc":{"start":{"line":139,"column":50},"end":{"line":139,"column":62}},"line":139},"19":{"name":"assignWorkPackage","decl":{"start":{"line":143,"column":16},"end":{"line":143,"column":null}},"loc":{"start":{"line":147,"column":12},"end":{"line":154,"column":null}},"line":147},"20":{"name":"(anonymous_20)","decl":{"start":{"line":150,"column":39},"end":{"line":150,"column":40}},"loc":{"start":{"line":151,"column":3},"end":{"line":151,"column":null}},"line":151},"21":{"name":"reorderWorkPackages","decl":{"start":{"line":156,"column":16},"end":{"line":156,"column":36}},"loc":{"start":{"line":156,"column":92},"end":{"line":161,"column":null}},"line":156},"22":{"name":"(anonymous_22)","decl":{"start":{"line":159,"column":33},"end":{"line":159,"column":34}},"loc":{"start":{"line":159,"column":49},"end":{"line":159,"column":76}},"line":159}},"branchMap":{"0":{"loc":{"start":{"line":35,"column":36},"end":{"line":35,"column":84}},"type":"cond-expr","locations":[{"start":{"line":35,"column":53},"end":{"line":35,"column":79}},{"start":{"line":35,"column":79},"end":{"line":35,"column":84}}],"line":35},"1":{"loc":{"start":{"line":45,"column":3},"end":{"line":45,"column":null}},"type":"cond-expr","locations":[{"start":{"line":45,"column":30},"end":{"line":45,"column":69}},{"start":{"line":45,"column":69},"end":{"line":45,"column":null}}],"line":45},"2":{"loc":{"start":{"line":61,"column":3},"end":{"line":61,"column":null}},"type":"if","locations":[{"start":{"line":61,"column":3},"end":{"line":61,"column":null}},{"start":{},"end":{}}],"line":61},"3":{"loc":{"start":{"line":63,"column":21},"end":{"line":63,"column":null}},"type":"binary-expr","locations":[{"start":{"line":63,"column":21},"end":{"line":63,"column":47}},{"start":{"line":63,"column":47},"end":{"line":63,"column":null}}],"line":63},"4":{"loc":{"start":{"line":67,"column":3},"end":{"line":75,"column":null}},"type":"if","locations":[{"start":{"line":67,"column":3},"end":{"line":75,"column":null}},{"start":{"line":72,"column":10},"end":{"line":75,"column":null}}],"line":67},"5":{"loc":{"start":{"line":70,"column":5},"end":{"line":70,"column":null}},"type":"cond-expr","locations":[{"start":{"line":70,"column":27},"end":{"line":70,"column":49}},{"start":{"line":70,"column":49},"end":{"line":70,"column":null}}],"line":70},"6":{"loc":{"start":{"line":90,"column":3},"end":{"line":90,"column":null}},"type":"if","locations":[{"start":{"line":90,"column":3},"end":{"line":90,"column":null}},{"start":{},"end":{}}],"line":90},"7":{"loc":{"start":{"line":92,"column":21},"end":{"line":92,"column":null}},"type":"binary-expr","locations":[{"start":{"line":92,"column":21},"end":{"line":92,"column":47}},{"start":{"line":92,"column":47},"end":{"line":92,"column":null}}],"line":92},"8":{"loc":{"start":{"line":95,"column":40},"end":{"line":95,"column":91}},"type":"cond-expr","locations":[{"start":{"line":95,"column":66},"end":{"line":95,"column":81}},{"start":{"line":95,"column":81},"end":{"line":95,"column":91}}],"line":95},"9":{"loc":{"start":{"line":132,"column":48},"end":{"line":132,"column":90}},"type":"cond-expr","locations":[{"start":{"line":132,"column":63},"end":{"line":132,"column":87}},{"start":{"line":132,"column":87},"end":{"line":132,"column":90}}],"line":132},"10":{"loc":{"start":{"line":151,"column":3},"end":{"line":151,"column":null}},"type":"cond-expr","locations":[{"start":{"line":151,"column":29},"end":{"line":151,"column":65}},{"start":{"line":151,"column":65},"end":{"line":151,"column":null}}],"line":151}},"s":{"0":3,"1":4,"2":5,"3":3,"4":4,"5":2,"6":4,"7":5,"8":1,"9":4,"10":5,"11":2,"12":5,"13":2,"14":3,"15":2,"16":4,"17":3,"18":3,"19":0,"20":3,"21":3,"22":3,"23":3,"24":3,"25":3,"26":3,"27":3,"28":4,"29":2,"30":3,"31":3,"32":4,"33":3,"34":4},"f":{"0":3,"1":4,"2":5,"3":3,"4":4,"5":2,"6":4,"7":5,"8":2,"9":3,"10":3,"11":3,"12":3,"13":3,"14":3,"15":3,"16":4,"17":2,"18":3,"19":3,"20":4,"21":3,"22":4},"b":{"0":[4,1],"1":[1,1],"2":[1,4],"3":[4,2],"4":[2,2],"5":[2,1],"6":[0,3],"7":[3,1],"8":[1,2],"9":[3,1],"10":[3,1]},"meta":{"lastBranch":11,"lastFunction":23,"lastStatement":35,"seen":{"f:14:16:14:24":0,"s:15:1:25:Infinity":0,"f:28:16:28:Infinity":1,"s:33:1:36:Infinity":1,"f:35:25:35:26":2,"s:35:36:35:84":2,"b:35:53:35:79:35:79:35:84":0,"f:39:16:39:27":3,"s:40:1:47:Infinity":3,"f:42:28:42:29":4,"s:42:38:42:52":4,"f:44:39:44:40":5,"s:45:3:45:Infinity":5,"b:45:30:45:69:45:69:45:Infinity":1,"f:52:16:52:Infinity":6,"s:58:1:79:Infinity":6,"f:60:25:60:26":7,"b:61:3:61:Infinity:undefined:undefined:undefined:undefined":2,"s:61:3:61:Infinity":7,"s:61:27:61:Infinity":8,"s:63:21:63:Infinity":9,"b:63:21:63:47:63:47:63:Infinity":3,"s:64:25:64:Infinity":10,"f:64:45:64:46":8,"s:64:53:64:79":11,"b:67:3:75:Infinity:72:10:75:Infinity":4,"s:67:3:75:Infinity":12,"s:69:4:71:Infinity":13,"f:69:33:69:34":9,"s:70:5:70:Infinity":14,"b:70:27:70:49:70:49:70:Infinity":5,"s:74:4:74:Infinity":15,"s:77:3:77:Infinity":16,"f:82:16:82:Infinity":10,"s:87:1:97:Infinity":17,"f:89:25:89:26":11,"b:90:3:90:Infinity:undefined:undefined:undefined:undefined":6,"s:90:3:90:Infinity":18,"s:90:27:90:Infinity":19,"s:92:21:92:Infinity":20,"b:92:21:92:47:92:47:92:Infinity":7,"s:93:24:93:Infinity":21,"f:93:41:93:42":12,"s:93:49:93:75":22,"s:95:3:95:Infinity":23,"b:95:66:95:81:95:81:95:91":8,"f:102:16:102:Infinity":13,"s:108:21:108:Infinity":24,"f:108:59:108:60":14,"s:108:67:108:78":25,"s:109:1:122:Infinity":26,"f:125:16:125:Infinity":15,"s:130:1:133:Infinity":27,"f:132:39:132:40":16,"s:132:48:132:90":28,"b:132:63:132:87:132:87:132:90":9,"f:136:16:136:34":17,"s:137:1:140:Infinity":29,"f:139:42:139:43":18,"s:139:50:139:62":30,"f:143:16:143:Infinity":19,"s:148:1:153:Infinity":31,"f:150:39:150:40":20,"s:151:3:151:Infinity":32,"b:151:29:151:65:151:65:151:Infinity":10,"f:156:16:156:36":21,"s:157:1:160:Infinity":33,"f:159:33:159:34":22,"s:159:49:159:76":34}}}
,"/home/danieleades/code/capacity-planning/app/src/lib/utils/capacity.ts": {"path":"/home/danieleades/code/capacity-planning/app/src/lib/utils/capacity.ts","statementMap":{"0":{"start":{"line":14,"column":18},"end":{"line":14,"column":null}},"1":{"start":{"line":14,"column":55},"end":{"line":14,"column":81}},"2":{"start":{"line":15,"column":1},"end":{"line":15,"column":null}},"3":{"start":{"line":25,"column":1},"end":{"line":27,"column":null}},"4":{"start":{"line":26,"column":18},"end":{"line":26,"column":46}},"5":{"start":{"line":27,"column":23},"end":{"line":27,"column":52}},"6":{"start":{"line":34,"column":1},"end":{"line":34,"column":null}},"7":{"start":{"line":46,"column":1},"end":{"line":46,"column":null}},"8":{"start":{"line":46,"column":27},"end":{"line":46,"column":null}},"9":{"start":{"line":48,"column":21},"end":{"line":48,"column":null}},"10":{"start":{"line":49,"column":21},"end":{"line":49,"column":null}},"11":{"start":{"line":50,"column":21},"end":{"line":50,"column":null}},"12":{"start":{"line":51,"column":19},"end":{"line":51,"column":null}},"13":{"start":{"line":53,"column":1},"end":{"line":62,"column":null}},"14":{"start":{"line":54,"column":20},"end":{"line":54,"column":null}},"15":{"start":{"line":55,"column":24},"end":{"line":55,"column":null}},"16":{"start":{"line":57,"column":2},"end":{"line":57,"column":null}},"17":{"start":{"line":57,"column":26},"end":{"line":57,"column":null}},"18":{"start":{"line":59,"column":2},"end":{"line":59,"column":null}},"19":{"start":{"line":60,"column":2},"end":{"line":60,"column":null}},"20":{"start":{"line":61,"column":2},"end":{"line":61,"column":null}},"21":{"start":{"line":64,"column":1},"end":{"line":64,"column":null}},"22":{"start":{"line":71,"column":25},"end":{"line":71,"column":null}},"23":{"start":{"line":72,"column":33},"end":{"line":72,"column":null}},"24":{"start":{"line":75,"column":2},"end":{"line":77,"column":null}},"25":{"start":{"line":79,"column":1},"end":{"line":84,"column":null}},"26":{"start":{"line":91,"column":1},"end":{"line":91,"column":null}},"27":{"start":{"line":91,"column":24},"end":{"line":91,"column":null}},"28":{"start":{"line":92,"column":1},"end":{"line":92,"column":null}},"29":{"start":{"line":92,"column":17},"end":{"line":92,"column":null}},"30":{"start":{"line":93,"column":1},"end":{"line":93,"column":null}},"31":{"start":{"line":93,"column":18},"end":{"line":93,"column":null}},"32":{"start":{"line":94,"column":15},"end":{"line":94,"column":null}},"33":{"start":{"line":95,"column":25},"end":{"line":95,"column":null}},"34":{"start":{"line":96,"column":1},"end":{"line":96,"column":null}},"35":{"start":{"line":96,"column":28},"end":{"line":96,"column":null}},"36":{"start":{"line":97,"column":1},"end":{"line":97,"column":null}},"37":{"start":{"line":104,"column":1},"end":{"line":104,"column":null}},"38":{"start":{"line":104,"column":12},"end":{"line":104,"column":null}},"39":{"start":{"line":105,"column":1},"end":{"line":105,"column":null}}},"fnMap":{"0":{"name":"getCapacityForMonth","decl":{"start":{"line":13,"column":16},"end":{"line":13,"column":36}},"loc":{"start":{"line":13,"column":75},"end":{"line":16,"column":null}},"line":13},"1":{"name":"(anonymous_1)","decl":{"start":{"line":14,"column":47},"end":{"line":14,"column":48}},"loc":{"start":{"line":14,"column":55},"end":{"line":14,"column":81}},"line":14},"2":{"name":"calculateTotalWorkMonths","decl":{"start":{"line":21,"column":16},"end":{"line":21,"column":null}},"loc":{"start":{"line":24,"column":10},"end":{"line":28,"column":null}},"line":24},"3":{"name":"(anonymous_3)","decl":{"start":{"line":26,"column":10},"end":{"line":26,"column":11}},"loc":{"start":{"line":26,"column":18},"end":{"line":26,"column":46}},"line":26},"4":{"name":"(anonymous_4)","decl":{"start":{"line":27,"column":10},"end":{"line":27,"column":11}},"loc":{"start":{"line":27,"column":23},"end":{"line":27,"column":52}},"line":27},"5":{"name":"formatYearMonth","decl":{"start":{"line":33,"column":16},"end":{"line":33,"column":32}},"loc":{"start":{"line":33,"column":52},"end":{"line":35,"column":null}},"line":33},"6":{"name":"simulateWorkCompletion","decl":{"start":{"line":41,"column":16},"end":{"line":41,"column":null}},"loc":{"start":{"line":45,"column":15},"end":{"line":65,"column":null}},"line":45},"7":{"name":"calculateTeamBacklog","decl":{"start":{"line":70,"column":16},"end":{"line":70,"column":37}},"loc":{"start":{"line":70,"column":98},"end":{"line":85,"column":null}},"line":70},"8":{"name":"formatMonths","decl":{"start":{"line":90,"column":16},"end":{"line":90,"column":29}},"loc":{"start":{"line":90,"column":53},"end":{"line":98,"column":null}},"line":90},"9":{"name":"formatDate","decl":{"start":{"line":103,"column":16},"end":{"line":103,"column":27}},"loc":{"start":{"line":103,"column":54},"end":{"line":106,"column":null}},"line":103}},"branchMap":{"0":{"loc":{"start":{"line":15,"column":8},"end":{"line":15,"column":null}},"type":"cond-expr","locations":[{"start":{"line":15,"column":19},"end":{"line":15,"column":39}},{"start":{"line":15,"column":39},"end":{"line":15,"column":null}}],"line":15},"1":{"loc":{"start":{"line":44,"column":1},"end":{"line":44,"column":null}},"type":"default-arg","locations":[{"start":{"line":44,"column":19},"end":{"line":44,"column":null}}],"line":44},"2":{"loc":{"start":{"line":46,"column":1},"end":{"line":46,"column":null}},"type":"if","locations":[{"start":{"line":46,"column":1},"end":{"line":46,"column":null}},{"start":{},"end":{}}],"line":46},"3":{"loc":{"start":{"line":53,"column":8},"end":{"line":53,"column":56}},"type":"binary-expr","locations":[{"start":{"line":53,"column":8},"end":{"line":53,"column":29}},{"start":{"line":53,"column":29},"end":{"line":53,"column":56}}],"line":53},"4":{"loc":{"start":{"line":57,"column":2},"end":{"line":57,"column":null}},"type":"if","locations":[{"start":{"line":57,"column":2},"end":{"line":57,"column":null}},{"start":{},"end":{}}],"line":57},"5":{"loc":{"start":{"line":64,"column":8},"end":{"line":64,"column":null}},"type":"cond-expr","locations":[{"start":{"line":64,"column":29},"end":{"line":64,"column":53}},{"start":{"line":64,"column":53},"end":{"line":64,"column":null}}],"line":64},"6":{"loc":{"start":{"line":75,"column":2},"end":{"line":77,"column":null}},"type":"cond-expr","locations":[{"start":{"line":76,"column":5},"end":{"line":76,"column":null}},{"start":{"line":77,"column":5},"end":{"line":77,"column":null}}],"line":75},"7":{"loc":{"start":{"line":75,"column":2},"end":{"line":75,"column":null}},"type":"binary-expr","locations":[{"start":{"line":75,"column":2},"end":{"line":75,"column":25}},{"start":{"line":75,"column":25},"end":{"line":75,"column":null}}],"line":75},"8":{"loc":{"start":{"line":91,"column":1},"end":{"line":91,"column":null}},"type":"if","locations":[{"start":{"line":91,"column":1},"end":{"line":91,"column":null}},{"start":{},"end":{}}],"line":91},"9":{"loc":{"start":{"line":92,"column":1},"end":{"line":92,"column":null}},"type":"if","locations":[{"start":{"line":92,"column":1},"end":{"line":92,"column":null}},{"start":{},"end":{}}],"line":92},"10":{"loc":{"start":{"line":93,"column":1},"end":{"line":93,"column":null}},"type":"if","locations":[{"start":{"line":93,"column":1},"end":{"line":93,"column":null}},{"start":{},"end":{}}],"line":93},"11":{"loc":{"start":{"line":96,"column":1},"end":{"line":96,"column":null}},"type":"if","locations":[{"start":{"line":96,"column":1},"end":{"line":96,"column":null}},{"start":{},"end":{}}],"line":96},"12":{"loc":{"start":{"line":96,"column":47},"end":{"line":96,"column":77}},"type":"cond-expr","locations":[{"start":{"line":96,"column":61},"end":{"line":96,"column":70}},{"start":{"line":96,"column":70},"end":{"line":96,"column":77}}],"line":96},"13":{"loc":{"start":{"line":104,"column":1},"end":{"line":104,"column":null}},"type":"if","locations":[{"start":{"line":104,"column":1},"end":{"line":104,"column":null}},{"start":{},"end":{}}],"line":104}},"s":{"0":14,"1":5,"2":14,"3":7,"4":9,"5":6,"6":14,"7":10,"8":3,"9":7,"10":7,"11":7,"12":7,"13":7,"14":11,"15":11,"16":11,"17":2,"18":9,"19":9,"20":9,"21":7,"22":4,"23":4,"24":4,"25":4,"26":11,"27":1,"28":10,"29":10,"30":8,"31":8,"32":5,"33":5,"34":5,"35":2,"36":3,"37":3,"38":1,"39":2},"f":{"0":14,"1":5,"2":7,"3":9,"4":6,"5":14,"6":10,"7":4,"8":11,"9":3},"b":{"0":[3,11],"1":[10],"2":[3,7],"3":[7,11],"4":[2,9],"5":[5,2],"6":[2,2],"7":[4,3],"8":[1,10],"9":[2,8],"10":[3,5],"11":[2,3],"12":[1,1],"13":[1,2]},"meta":{"lastBranch":14,"lastFunction":10,"lastStatement":40,"seen":{"f:13:16:13:36":0,"s:14:18:14:Infinity":0,"f:14:47:14:48":1,"s:14:55:14:81":1,"s:15:1:15:Infinity":2,"b:15:19:15:39:15:39:15:Infinity":0,"f:21:16:21:Infinity":2,"s:25:1:27:Infinity":3,"f:26:10:26:11":3,"s:26:18:26:46":4,"f:27:10:27:11":4,"s:27:23:27:52":5,"f:33:16:33:32":5,"s:34:1:34:Infinity":6,"f:41:16:41:Infinity":6,"b:44:19:44:Infinity":1,"b:46:1:46:Infinity:undefined:undefined:undefined:undefined":2,"s:46:1:46:Infinity":7,"s:46:27:46:Infinity":8,"s:48:21:48:Infinity":9,"s:49:21:49:Infinity":10,"s:50:21:50:Infinity":11,"s:51:19:51:Infinity":12,"s:53:1:62:Infinity":13,"b:53:8:53:29:53:29:53:56":3,"s:54:20:54:Infinity":14,"s:55:24:55:Infinity":15,"b:57:2:57:Infinity:undefined:undefined:undefined:undefined":4,"s:57:2:57:Infinity":16,"s:57:26:57:Infinity":17,"s:59:2:59:Infinity":18,"s:60:2:60:Infinity":19,"s:61:2:61:Infinity":20,"s:64:1:64:Infinity":21,"b:64:29:64:53:64:53:64:Infinity":5,"f:70:16:70:37":7,"s:71:25:71:Infinity":22,"s:72:33:72:Infinity":23,"s:75:2:77:Infinity":24,"b:76:5:76:Infinity:77:5:77:Infinity":6,"b:75:2:75:25:75:25:75:Infinity":7,"s:79:1:84:Infinity":25,"f:90:16:90:29":8,"b:91:1:91:Infinity:undefined:undefined:undefined:undefined":8,"s:91:1:91:Infinity":26,"s:91:24:91:Infinity":27,"b:92:1:92:Infinity:undefined:undefined:undefined:undefined":9,"s:92:1:92:Infinity":28,"s:92:17:92:Infinity":29,"b:93:1:93:Infinity:undefined:undefined:undefined:undefined":10,"s:93:1:93:Infinity":30,"s:93:18:93:Infinity":31,"s:94:15:94:Infinity":32,"s:95:25:95:Infinity":33,"b:96:1:96:Infinity:undefined:undefined:undefined:undefined":11,"s:96:1:96:Infinity":34,"s:96:28:96:Infinity":35,"b:96:61:96:70:96:70:96:77":12,"s:97:1:97:Infinity":36,"f:103:16:103:27":9,"b:104:1:104:Infinity:undefined:undefined:undefined:undefined":13,"s:104:1:104:Infinity":37,"s:104:12:104:Infinity":38,"s:105:1:105:Infinity":39}}}
,"/home/danieleades/code/capacity-planning/app/src/lib/utils/dates.ts": {"path":"/home/danieleades/code/capacity-planning/app/src/lib/utils/dates.ts","statementMap":{"0":{"start":{"line":5,"column":26},"end":{"line":5,"column":null}},"1":{"start":{"line":6,"column":15},"end":{"line":6,"column":null}},"2":{"start":{"line":8,"column":1},"end":{"line":15,"column":null}},"3":{"start":{"line":8,"column":14},"end":{"line":8,"column":17}},"4":{"start":{"line":9,"column":15},"end":{"line":9,"column":null}},"5":{"start":{"line":10,"column":2},"end":{"line":10,"column":null}},"6":{"start":{"line":12,"column":15},"end":{"line":12,"column":null}},"7":{"start":{"line":13,"column":16},"end":{"line":13,"column":null}},"8":{"start":{"line":14,"column":2},"end":{"line":14,"column":null}},"9":{"start":{"line":17,"column":1},"end":{"line":17,"column":null}},"10":{"start":{"line":24,"column":23},"end":{"line":24,"column":null}},"11":{"start":{"line":25,"column":14},"end":{"line":25,"column":null}},"12":{"start":{"line":27,"column":1},"end":{"line":27,"column":null}},"13":{"start":{"line":34,"column":15},"end":{"line":34,"column":null}},"14":{"start":{"line":35,"column":14},"end":{"line":35,"column":null}},"15":{"start":{"line":36,"column":15},"end":{"line":36,"column":null}},"16":{"start":{"line":37,"column":1},"end":{"line":37,"column":null}}},"fnMap":{"0":{"name":"getNextMonths","decl":{"start":{"line":4,"column":16},"end":{"line":4,"column":30}},"loc":{"start":{"line":4,"column":55},"end":{"line":18,"column":null}},"line":4},"1":{"name":"formatYearMonth","decl":{"start":{"line":23,"column":16},"end":{"line":23,"column":32}},"loc":{"start":{"line":23,"column":59},"end":{"line":28,"column":null}},"line":23},"2":{"name":"getCurrentMonth","decl":{"start":{"line":33,"column":16},"end":{"line":33,"column":42}},"loc":{"start":{"line":33,"column":42},"end":{"line":38,"column":null}},"line":33}},"branchMap":{},"s":{"0":6,"1":6,"2":6,"3":6,"4":24,"5":24,"6":24,"7":24,"8":24,"9":6,"10":5,"11":5,"12":5,"13":4,"14":4,"15":4,"16":4},"f":{"0":6,"1":5,"2":4},"b":{},"meta":{"lastBranch":0,"lastFunction":3,"lastStatement":17,"seen":{"f:4:16:4:30":0,"s:5:26:5:Infinity":0,"s:6:15:6:Infinity":1,"s:8:1:15:Infinity":2,"s:8:14:8:17":3,"s:9:15:9:Infinity":4,"s:10:2:10:Infinity":5,"s:12:15:12:Infinity":6,"s:13:16:13:Infinity":7,"s:14:2:14:Infinity":8,"s:17:1:17:Infinity":9,"f:23:16:23:32":1,"s:24:23:24:Infinity":10,"s:25:14:25:Infinity":11,"s:27:1:27:Infinity":12,"f:33:16:33:42":2,"s:34:15:34:Infinity":13,"s:35:14:35:Infinity":14,"s:36:15:36:Infinity":15,"s:37:1:37:Infinity":16}}}
}
